Using pre-set license
Built from '2020.2/release' branch; Version is '2020.2.4f1 (becced5a802b) revision 12504301'; Using compiler version '192528614'; Build Type 'Release'
OS: 'Windows 10 Pro; OS build 19042.1165; Version 2009; 64bit' Language: 'zh' Physical Memory: 32686 MB
BatchMode: 1, IsHumanControllingUs: 0, StartBugReporterOnCrash: 0, Is64bit: 1, IsPro: 0

 COMMAND LINE ARGUMENTS:
C:\Program Files\Unity\Hub\Editor\2020.2.4f1\Editor\Unity.exe
-adb2
-batchMode
-noUpm
-name
AssetImportWorker0
-projectPath
C:/Users/user/Desktop/Lab Week 4 - Activity
-logFile
Logs/AssetImportWorker0.log
-srvPort
53816
Successfully changed project path to: C:/Users/user/Desktop/Lab Week 4 - Activity
C:/Users/user/Desktop/Lab Week 4 - Activity
Using Asset Import Pipeline V2.
Refreshing native plugins compatible for Editor in 16.96 ms, found 0 plugins.
Preloading 0 native plugins for Editor in 0.00 ms.
Initialize engine version: 2020.2.4f1 (becced5a802b)
[Subsystems] Discovering subsystems at path C:/Program Files/Unity/Hub/Editor/2020.2.4f1/Editor/Data/Resources/UnitySubsystems
[Subsystems] Discovering subsystems at path C:/Users/user/Desktop/Lab Week 4 - Activity/Assets
GfxDevice: creating device client; threaded=0
Direct3D:
    Version:  Direct3D 11.0 [level 11.1]
    Renderer: NVIDIA GeForce RTX 2080 Ti (ID=0x1e07)
    Vendor:   
    VRAM:     11049 MB
    Driver:   27.21.14.5671
Initialize mono
Mono path[0] = 'C:/Program Files/Unity/Hub/Editor/2020.2.4f1/Editor/Data/Managed'
Mono path[1] = 'C:/Program Files/Unity/Hub/Editor/2020.2.4f1/Editor/Data/MonoBleedingEdge/lib/mono/unityjit'
Mono config path = 'C:/Program Files/Unity/Hub/Editor/2020.2.4f1/Editor/Data/MonoBleedingEdge/etc'
Using monoOptions --debugger-agent=transport=dt_socket,embedding=1,server=y,suspend=n,address=127.0.0.1:56420
Begin MonoManager ReloadAssembly
Registering precompiled unity dll's ...
Register platform support module: C:/Program Files/Unity/Hub/Editor/2020.2.4f1/Editor/Data/PlaybackEngines/WebGLSupport/UnityEditor.WebGL.Extensions.dll
Register platform support module: C:/Program Files/Unity/Hub/Editor/2020.2.4f1/Editor/Data/PlaybackEngines/MacStandaloneSupport/UnityEditor.OSXStandalone.Extensions.dll
Register platform support module: C:/Program Files/Unity/Hub/Editor/2020.2.4f1/Editor/Data/PlaybackEngines/WindowsStandaloneSupport/UnityEditor.WindowsStandalone.Extensions.dll
Registered in 0.002323 seconds.
Native extension for WindowsStandalone target not found
Native extension for OSXStandalone target not found
Native extension for WebGL target not found
Refreshing native plugins compatible for Editor in 16.54 ms, found 0 plugins.
Preloading 0 native plugins for Editor in 0.00 ms.
Invoked RoslynAnalysisRunner static constructor.
RoslynAnalysisRunner will not be running.
RoslynAnalysisRunner has terminated.
Mono: successfully reloaded assembly
- Completed reload, in  0.937 seconds
Platform modules already initialized, skipping
Registering precompiled user dll's ...
Registered in 0.000592 seconds.
Begin MonoManager ReloadAssembly
Native extension for WindowsStandalone target not found
Native extension for OSXStandalone target not found
Native extension for WebGL target not found
Refreshing native plugins compatible for Editor in 0.15 ms, found 0 plugins.
Preloading 0 native plugins for Editor in 0.00 ms.
Invoked RoslynAnalysisRunner static constructor.
RoslynAnalysisRunner will not be running.
RoslynAnalysisRunner has terminated.
Mono: successfully reloaded assembly
- Completed reload, in  0.595 seconds
Platform modules already initialized, skipping
========================================================================
Worker process is ready to serve import requests
Launched and connected shader compiler UnityShaderCompiler.exe after 0.54 seconds
Refreshing native plugins compatible for Editor in 0.14 ms, found 0 plugins.
Preloading 0 native plugins for Editor in 0.00 ms.
Unloading 1078 Unused Serialized files (Serialized files now loaded: 0)
System memory in use before: 58.2 MB.
System memory in use after: 58.3 MB.

Unloading 9 unused Assets to reduce memory usage. Loaded Objects now: 1520.
Total: 1.328000 ms (FindLiveObjects: 0.086800 ms CreateObjectMapping: 0.024000 ms MarkObjects: 1.177500 ms  DeleteObjects: 0.039000 ms)

========================================================================
Received Import Request.
  path: Assets/Scripts
  artifactKey: Guid(907fbe975897b9848959405a6a05bd34) Importer(815301076,1909f56bfc062723c751e8b465ee728b)
Start importing Assets/Scripts using Guid(907fbe975897b9848959405a6a05bd34) Importer(815301076,1909f56bfc062723c751e8b465ee728b)  -> (artifact id: 'a4089d39d20c4b4cf14c17f0b703e702') in 0.003608 seconds
  Import took 0.004831 seconds .

========================================================================
Received Import Request.
  Time since last request: 6.413218 seconds.
  path: Assets/Scripts/ProgressEvaluator.cs
  artifactKey: Guid(4b70bdf04e7249544853c137accd6b52) Importer(815301076,1909f56bfc062723c751e8b465ee728b)
Start importing Assets/Scripts/ProgressEvaluator.cs using Guid(4b70bdf04e7249544853c137accd6b52) Importer(815301076,1909f56bfc062723c751e8b465ee728b)  -> (artifact id: '5203d8a143ceee3fb849ed37825c035c') in 0.015563 seconds
  Import took 0.016903 seconds .

========================================================================
Received Import Request.
  Time since last request: 0.001827 seconds.
  path: Assets/Scripts/ProgressEvaluator.cs
  artifactKey: Guid(4b70bdf04e7249544853c137accd6b52) Importer(815301076,1909f56bfc062723c751e8b465ee728b)
Start importing Assets/Scripts/ProgressEvaluator.cs using Guid(4b70bdf04e7249544853c137accd6b52) Importer(815301076,1909f56bfc062723c751e8b465ee728b)  -> (artifact id: '5203d8a143ceee3fb849ed37825c035c') in 0.002403 seconds
  Import took 0.003685 seconds .

========================================================================
Received Import Request.
  Time since last request: 11.144321 seconds.
  path: Assets/Scripts/Test.cs
  artifactKey: Guid(c7ddeeff8667b80449d2ec7bf1334f35) Importer(815301076,1909f56bfc062723c751e8b465ee728b)
Start importing Assets/Scripts/Test.cs using Guid(c7ddeeff8667b80449d2ec7bf1334f35) Importer(815301076,1909f56bfc062723c751e8b465ee728b)  -> (artifact id: 'd3a9ef08dcb1788f431f416d1e52a856') in 0.002428 seconds
  Import took 0.003777 seconds .

========================================================================
Received Import Request.
  Time since last request: 57.798195 seconds.
  path: Assets/Scripts/Test.cs
  artifactKey: Guid(c7ddeeff8667b80449d2ec7bf1334f35) Importer(815301076,1909f56bfc062723c751e8b465ee728b)
Start importing Assets/Scripts/Test.cs using Guid(c7ddeeff8667b80449d2ec7bf1334f35) Importer(815301076,1909f56bfc062723c751e8b465ee728b)  -> (artifact id: 'c303c0796867f81ef0611d6e60d7853c') in 0.002326 seconds
  Import took 0.003859 seconds .

========================================================================
Received Prepare
Registering precompiled user dll's ...
Registered in 0.000517 seconds.
Begin MonoManager ReloadAssembly
Native extension for WindowsStandalone target not found
Native extension for OSXStandalone target not found
Native extension for WebGL target not found
Refreshing native plugins compatible for Editor in 0.15 ms, found 0 plugins.
Preloading 0 native plugins for Editor in 0.00 ms.
Invoked RoslynAnalysisRunner static constructor.
RoslynAnalysisRunner will not be running.
RoslynAnalysisRunner has terminated.
Mono: successfully reloaded assembly
- Completed reload, in  0.563 seconds
Platform modules already initialized, skipping
Refreshing native plugins compatible for Editor in 0.16 ms, found 0 plugins.
Preloading 0 native plugins for Editor in 0.00 ms.
Unloading 1073 Unused Serialized files (Serialized files now loaded: 0)
System memory in use before: 58.2 MB.
System memory in use after: 58.3 MB.

Unloading 4 unused Assets to reduce memory usage. Loaded Objects now: 1523.
Total: 1.337600 ms (FindLiveObjects: 0.108800 ms CreateObjectMapping: 0.030000 ms MarkObjects: 1.185800 ms  DeleteObjects: 0.012100 ms)

AssetImportWorkerClient::OnTransportError - code=2 error=End of file
